#
# There is insufficient memory for the Java Runtime Environment to continue.
# Native memory allocation (malloc) failed to allocate 1048576 bytes. Error detail: AllocateHeap
# Possible reasons:
#   The system is out of physical RAM or swap space
#   This process is running with CompressedOops enabled, and the Java Heap may be blocking the growth of the native heap
# Possible solutions:
#   Reduce memory load on the system
#   Increase physical memory or swap space
#   Check if swap backing store is full
#   Decrease Java heap size (-Xmx/-Xms)
#   Decrease number of Java threads
#   Decrease Java thread stack sizes (-Xss)
#   Set larger code cache with -XX:ReservedCodeCacheSize=
#   JVM is running with Unscaled Compressed Oops mode in which the Java heap is
#     placed in the first 4GB address space. The Java Heap base address is the
#     maximum limit for the native heap growth. Please use -XX:HeapBaseMinAddress
#     to set the Java Heap base and to place the Java Heap above 4GB virtual address.
# This output file may be truncated or incomplete.
#
#  Out of Memory Error (allocation.cpp:44), pid=37868, tid=40632
#
# JRE version:  (21.0.6+7) (build )
# Java VM: OpenJDK 64-Bit Server VM (21.0.6+7-LTS, mixed mode, sharing, tiered, compressed oops, compressed class ptrs, parallel gc, windows-amd64)
# No core dump will be written. Minidumps are not enabled by default on client versions of Windows
#

---------------  S U M M A R Y ------------

Command Line: --add-modules=ALL-SYSTEM --add-opens=java.base/java.util=ALL-UNNAMED --add-opens=java.base/java.lang=ALL-UNNAMED --add-opens=java.base/sun.nio.fs=ALL-UNNAMED -Declipse.application=org.eclipse.jdt.ls.core.id1 -Dosgi.bundles.defaultStartLevel=4 -Declipse.product=org.eclipse.jdt.ls.core.product -Djava.import.generatesMetadataFilesAtProjectRoot=false -DDetectVMInstallationsJob.disabled=true -Dfile.encoding=utf8 -XX:+UseParallelGC -XX:GCTimeRatio=4 -XX:AdaptiveSizePolicyWeight=90 -Dsun.zip.disableMemoryMapping=true -Xmx1G -Xms100m -Xlog:disable -javaagent:c:\Users\aspire\.vscode\extensions\redhat.java-1.41.1-win32-x64\lombok\lombok-1.18.36.jar -XX:+HeapDumpOnOutOfMemoryError -XX:HeapDumpPath=c:\Users\aspire\AppData\Roaming\Code\User\workspaceStorage\35e4a01e36961b6499826cc327096a33\redhat.java -Daether.dependencyCollector.impl=bf c:\Users\aspire\.vscode\extensions\redhat.java-1.41.1-win32-x64\server\plugins\org.eclipse.equinox.launcher_1.7.0.v20250331-1702.jar -configuration c:\Users\aspire\AppData\Roaming\Code\User\globalStorage\redhat.java\1.41.1\config_win -data c:\Users\aspire\AppData\Roaming\Code\User\workspaceStorage\35e4a01e36961b6499826cc327096a33\redhat.java\jdt_ws --pipe=\\.\pipe\lsp-1aa9aaf2155fd4b940a4856535fbff3a-sock

Host: AMD Ryzen 7 5700U with Radeon Graphics         , 16 cores, 15G,  Windows 11 , 64 bit Build 26100 (10.0.26100.3775)
Time: Sat Apr 12 03:36:27 2025 Afr. centrale Ouest elapsed time: 0.206812 seconds (0d 0h 0m 0s)

---------------  T H R E A D  ---------------

Current thread (0x00000193a2eeb680):  JavaThread "Unknown thread" [_thread_in_vm, id=40632, stack(0x0000003bc6200000,0x0000003bc6300000) (1024K)]

Stack: [0x0000003bc6200000,0x0000003bc6300000]
Native frames: (J=compiled Java code, j=interpreted, Vv=VM code, C=native code)
V  [jvm.dll+0x6cdee9]
V  [jvm.dll+0x8a83d1]
V  [jvm.dll+0x8aa8fe]
V  [jvm.dll+0x8aafe3]
V  [jvm.dll+0x27f706]
V  [jvm.dll+0xbfb37]
V  [jvm.dll+0x702102]
V  [jvm.dll+0x702e3c]
V  [jvm.dll+0x6dcc13]
V  [jvm.dll+0x871cdc]
V  [jvm.dll+0x3bc2dc]
V  [jvm.dll+0x85a868]
V  [jvm.dll+0x45066e]
V  [jvm.dll+0x4522b1]
C  [jli.dll+0x5278]
C  [ucrtbase.dll+0x37b0]
C  [KERNEL32.DLL+0x2e8d7]
C  [ntdll.dll+0xb14fc]


---------------  P R O C E S S  ---------------

Threads class SMR info:
_java_thread_list=0x00000193a2f5ad50, length=1, elements={
0x00000193a2eeb680
}

Java Threads: ( => current thread )
=>0x00000193a2eeb680 JavaThread "Unknown thread"             [_thread_in_vm, id=40632, stack(0x0000003bc6200000,0x0000003bc6300000) (1024K)]
Total: 1

Other Threads:
  0x00000193b71bca00 WatcherThread "VM Periodic Task Thread"        [id=26748, stack(0x0000003bc6400000,0x0000003bc6500000) (1024K)]
  0x00000193a2f0a850 WorkerThread "GC Thread#0"                     [id=40688, stack(0x0000003bc6300000,0x0000003bc6400000) (1024K)]
Total: 2

Threads with active compile tasks:
Total: 0

VM state: not at safepoint (normal execution)

VM Mutex/Monitor currently owned by a thread: None

Heap address: 0x00000000c0000000, size: 1024 MB, Compressed Oops mode: 32-bit

CDS archive(s) mapped at: [0x00000193b8000000-0x00000193b8ba0000-0x00000193b8ba0000), size 12189696, SharedBaseAddress: 0x00000193b8000000, ArchiveRelocationMode: 1.
Compressed class space mapped at: 0x00000193b9000000-0x00000193f9000000, reserved size: 1073741824
Narrow klass base: 0x00000193b8000000, Narrow klass shift: 0, Narrow klass range: 0x100000000

GC Precious Log:
 CardTable entry size: 512
 CPUs: 16 total, 16 available
 Memory: 15706M
 Large Page Support: Disabled
 NUMA Support: Disabled
 Compressed Oops: Enabled (32-bit)
 Alignments: Space 512K, Generation 512K, Heap 2M
 Heap Min Capacity: 100M
 Heap Initial Capacity: 100M
 Heap Max Capacity: 1G
 Pre-touch: Disabled
 Parallel Workers: 13

Heap:
 PSYoungGen      total 29696K, used 512K [0x00000000eab00000, 0x00000000ecc00000, 0x0000000100000000)
  eden space 25600K, 2% used [0x00000000eab00000,0x00000000eab80020,0x00000000ec400000)
  from space 4096K, 0% used [0x00000000ec800000,0x00000000ec800000,0x00000000ecc00000)
  to   space 4096K, 0% used [0x00000000ec400000,0x00000000ec400000,0x00000000ec800000)
 ParOldGen       total 68608K, used 0K [0x00000000c0000000, 0x00000000c4300000, 0x00000000eab00000)
  object space 68608K, 0% used [0x00000000c0000000,0x00000000c0000000,0x00000000c4300000)
 Metaspace       used 0K, committed 0K, reserved 1048576K
  class space    used 0K, committed 0K, reserved 1048576K

Card table byte_map: [0x00000193a2890000,0x00000193a2aa0000] _byte_map_base: 0x00000193a2290000

Marking Bits: (ParMarkBitMap*) 0x00007ffe641b3260
 Begin Bits: [0x00000193b50e0000, 0x00000193b60e0000)
 End Bits:   [0x00000193b60e0000, 0x00000193b70e0000)

Polling page: 0x00000193a0cf0000

Metaspace:

Usage:
  Non-class:      0 bytes used.
      Class:      0 bytes used.
       Both:      0 bytes used.

Virtual space:
  Non-class space:        0 bytes reserved,       0 bytes (  ?%) committed,  0 nodes.
      Class space:        1.00 GB reserved,       0 bytes (  0%) committed,  1 nodes.
             Both:        1.00 GB reserved,       0 bytes (  0%) committed. 

Chunk freelists:
   Non-Class:  0 bytes
       Class:  16.00 MB
        Both:  16.00 MB

MaxMetaspaceSize: unlimited
CompressedClassSpaceSize: 1.00 GB
Initial GC threshold: 21.00 MB
Current GC threshold: 17179869184.00 GB
CDS: on
 - commit_granule_bytes: 65536.
 - commit_granule_words: 8192.
 - virtual_space_node_default_size: 8388608.
 - enlarge_chunks_in_place: 1.
 - use_allocation_guard: 0.


Internal statistics:

num_allocs_failed_limit: 0.
num_arena_births: 0.
num_arena_deaths: 0.
num_vsnodes_births: 1.
num_vsnodes_deaths: 0.
num_space_committed: 0.
num_space_uncommitted: 0.
num_chunks_returned_to_freelist: 0.
num_chunks_taken_from_freelist: 1.
num_chunk_merges: 0.
num_chunk_splits: 1.
num_chunks_enlarged: 0.
num_inconsistent_stats: 0.

CodeHeap 'non-profiled nmethods': size=119168Kb used=0Kb max_used=0Kb free=119168Kb
 bounds [0x00000193adc80000, 0x00000193adef0000, 0x00000193b50e0000]
CodeHeap 'profiled nmethods': size=119104Kb used=0Kb max_used=0Kb free=119104Kb
 bounds [0x00000193a60e0000, 0x00000193a6350000, 0x00000193ad530000]
CodeHeap 'non-nmethods': size=7488Kb used=194Kb max_used=342Kb free=7293Kb
 bounds [0x00000193ad530000, 0x00000193ad7a0000, 0x00000193adc80000]
 total_blobs=70 nmethods=0 adapters=48
 compilation: enabled
              stopped_count=0, restarted_count=0
 full_count=0

Compilation events (0 events):
No events

GC Heap History (0 events):
No events

Dll operation events (1 events):
Event: 0.019 Loaded shared library c:\Users\aspire\.vscode\extensions\redhat.java-1.41.1-win32-x64\jre\21.0.6-win32-x86_64\bin\java.dll

Deoptimization events (0 events):
No events

Classes loaded (0 events):
No events

Classes unloaded (0 events):
No events

Classes redefined (0 events):
No events

Internal exceptions (0 events):
No events

ZGC Phase Switch (0 events):
No events

VM Operations (0 events):
No events

Memory protections (0 events):
No events

Nmethod flushes (0 events):
No events

Events (1 events):
Event: 0.047 Thread 0x00000193a2eeb680 Thread added: 0x00000193a2eeb680


Dynamic libraries:
0x00007ff763640000 - 0x00007ff76364e000 	c:\Users\aspire\.vscode\extensions\redhat.java-1.41.1-win32-x64\jre\21.0.6-win32-x86_64\bin\java.exe
0x00007ffec4e20000 - 0x00007ffec5080000 	C:\Windows\SYSTEM32\ntdll.dll
0x00007ffec3d80000 - 0x00007ffec3e47000 	C:\Windows\System32\KERNEL32.DLL
0x00007ffec2240000 - 0x00007ffec260a000 	C:\Windows\System32\KERNELBASE.dll
0x00007ffec2ad0000 - 0x00007ffec2c1b000 	C:\Windows\System32\ucrtbase.dll
0x00007ffea7870000 - 0x00007ffea788e000 	c:\Users\aspire\.vscode\extensions\redhat.java-1.41.1-win32-x64\jre\21.0.6-win32-x86_64\bin\VCRUNTIME140.dll
0x00007ffea1a20000 - 0x00007ffea1a38000 	c:\Users\aspire\.vscode\extensions\redhat.java-1.41.1-win32-x64\jre\21.0.6-win32-x86_64\bin\jli.dll
0x00007ffec3200000 - 0x00007ffec33cc000 	C:\Windows\System32\USER32.dll
0x00007ffeb0720000 - 0x00007ffeb09b7000 	C:\Windows\WinSxS\amd64_microsoft.windows.common-controls_6595b64144ccf1df_6.0.26100.3624_none_3e086962e3345f24\COMCTL32.dll
0x00007ffec2160000 - 0x00007ffec2187000 	C:\Windows\System32\win32u.dll
0x00007ffec38e0000 - 0x00007ffec3989000 	C:\Windows\System32\msvcrt.dll
0x00007ffec3d50000 - 0x00007ffec3d7a000 	C:\Windows\System32\GDI32.dll
0x00007ffec26a0000 - 0x00007ffec27d1000 	C:\Windows\System32\gdi32full.dll
0x00007ffec2190000 - 0x00007ffec2233000 	C:\Windows\System32\msvcp_win.dll
0x00007ffec3130000 - 0x00007ffec315f000 	C:\Windows\System32\IMM32.DLL
0x00007ffeb56e0000 - 0x00007ffeb56ec000 	c:\Users\aspire\.vscode\extensions\redhat.java-1.41.1-win32-x64\jre\21.0.6-win32-x86_64\bin\vcruntime140_1.dll
0x00007ffe68b20000 - 0x00007ffe68bad000 	c:\Users\aspire\.vscode\extensions\redhat.java-1.41.1-win32-x64\jre\21.0.6-win32-x86_64\bin\msvcp140.dll
0x00007ffe63500000 - 0x00007ffe64290000 	c:\Users\aspire\.vscode\extensions\redhat.java-1.41.1-win32-x64\jre\21.0.6-win32-x86_64\bin\server\jvm.dll
0x00007ffec3ed0000 - 0x00007ffec3f82000 	C:\Windows\System32\ADVAPI32.dll
0x00007ffec4b50000 - 0x00007ffec4bf6000 	C:\Windows\System32\sechost.dll
0x00007ffec39b0000 - 0x00007ffec3ac6000 	C:\Windows\System32\RPCRT4.dll
0x00007ffec2e10000 - 0x00007ffec2e84000 	C:\Windows\System32\WS2_32.dll
0x00007ffec1e50000 - 0x00007ffec1eae000 	C:\Windows\SYSTEM32\POWRPROF.dll
0x00007ffeb9170000 - 0x00007ffeb917b000 	C:\Windows\SYSTEM32\VERSION.dll
0x00007ffeb9130000 - 0x00007ffeb9166000 	C:\Windows\SYSTEM32\WINMM.dll
0x00007ffec1e30000 - 0x00007ffec1e44000 	C:\Windows\SYSTEM32\UMPDC.dll
0x00007ffec0e10000 - 0x00007ffec0e2a000 	C:\Windows\SYSTEM32\kernel.appcore.dll
0x00007ffeb41d0000 - 0x00007ffeb41da000 	c:\Users\aspire\.vscode\extensions\redhat.java-1.41.1-win32-x64\jre\21.0.6-win32-x86_64\bin\jimage.dll
0x00007ffeb93f0000 - 0x00007ffeb9631000 	C:\Windows\SYSTEM32\DBGHELP.DLL
0x00007ffec3f90000 - 0x00007ffec4312000 	C:\Windows\System32\combase.dll
0x00007ffec3ad0000 - 0x00007ffec3ba6000 	C:\Windows\System32\OLEAUT32.dll
0x00007ffeae4c0000 - 0x00007ffeae4f9000 	C:\Windows\SYSTEM32\dbgcore.DLL
0x00007ffec20c0000 - 0x00007ffec2159000 	C:\Windows\System32\bcryptPrimitives.dll
0x00007ffeae8a0000 - 0x00007ffeae8af000 	c:\Users\aspire\.vscode\extensions\redhat.java-1.41.1-win32-x64\jre\21.0.6-win32-x86_64\bin\instrument.dll
0x00007ffea1100000 - 0x00007ffea111f000 	c:\Users\aspire\.vscode\extensions\redhat.java-1.41.1-win32-x64\jre\21.0.6-win32-x86_64\bin\java.dll

dbghelp: loaded successfully - version: 4.0.5 - missing functions: none
symbol engine: initialized successfully - sym options: 0x614 - pdb path: .;c:\Users\aspire\.vscode\extensions\redhat.java-1.41.1-win32-x64\jre\21.0.6-win32-x86_64\bin;C:\Windows\SYSTEM32;C:\Windows\WinSxS\amd64_microsoft.windows.common-controls_6595b64144ccf1df_6.0.26100.3624_none_3e086962e3345f24;c:\Users\aspire\.vscode\extensions\redhat.java-1.41.1-win32-x64\jre\21.0.6-win32-x86_64\bin\server

VM Arguments:
jvm_args: --add-modules=ALL-SYSTEM --add-opens=java.base/java.util=ALL-UNNAMED --add-opens=java.base/java.lang=ALL-UNNAMED --add-opens=java.base/sun.nio.fs=ALL-UNNAMED -Declipse.application=org.eclipse.jdt.ls.core.id1 -Dosgi.bundles.defaultStartLevel=4 -Declipse.product=org.eclipse.jdt.ls.core.product -Djava.import.generatesMetadataFilesAtProjectRoot=false -DDetectVMInstallationsJob.disabled=true -Dfile.encoding=utf8 -XX:+UseParallelGC -XX:GCTimeRatio=4 -XX:AdaptiveSizePolicyWeight=90 -Dsun.zip.disableMemoryMapping=true -Xmx1G -Xms100m -Xlog:disable -javaagent:c:\Users\aspire\.vscode\extensions\redhat.java-1.41.1-win32-x64\lombok\lombok-1.18.36.jar -XX:+HeapDumpOnOutOfMemoryError -XX:HeapDumpPath=c:\Users\aspire\AppData\Roaming\Code\User\workspaceStorage\35e4a01e36961b6499826cc327096a33\redhat.java -Daether.dependencyCollector.impl=bf 
java_command: c:\Users\aspire\.vscode\extensions\redhat.java-1.41.1-win32-x64\server\plugins\org.eclipse.equinox.launcher_1.7.0.v20250331-1702.jar -configuration c:\Users\aspire\AppData\Roaming\Code\User\globalStorage\redhat.java\1.41.1\config_win -data c:\Users\aspire\AppData\Roaming\Code\User\workspaceStorage\35e4a01e36961b6499826cc327096a33\redhat.java\jdt_ws --pipe=\\.\pipe\lsp-1aa9aaf2155fd4b940a4856535fbff3a-sock
java_class_path (initial): c:\Users\aspire\.vscode\extensions\redhat.java-1.41.1-win32-x64\server\plugins\org.eclipse.equinox.launcher_1.7.0.v20250331-1702.jar
Launcher Type: SUN_STANDARD

[Global flags]
    uintx AdaptiveSizePolicyWeight                 = 90                                        {product} {command line}
     intx CICompilerCount                          = 12                                        {product} {ergonomic}
    uintx GCTimeRatio                              = 4                                         {product} {command line}
     bool HeapDumpOnOutOfMemoryError               = true                                   {manageable} {command line}
    ccstr HeapDumpPath                             = c:\Users\aspire\AppData\Roaming\Code\User\workspaceStorage\35e4a01e36961b6499826cc327096a33\redhat.java         {manageable} {command line}
   size_t InitialHeapSize                          = 104857600                                 {product} {command line}
   size_t MaxHeapSize                              = 1073741824                                {product} {command line}
   size_t MaxNewSize                               = 357564416                                 {product} {ergonomic}
   size_t MinHeapDeltaBytes                        = 524288                                    {product} {ergonomic}
   size_t MinHeapSize                              = 104857600                                 {product} {command line}
   size_t NewSize                                  = 34603008                                  {product} {ergonomic}
    uintx NonNMethodCodeHeapSize                   = 7602480                                {pd product} {ergonomic}
    uintx NonProfiledCodeHeapSize                  = 122027880                              {pd product} {ergonomic}
   size_t OldSize                                  = 70254592                                  {product} {ergonomic}
    uintx ProfiledCodeHeapSize                     = 122027880                              {pd product} {ergonomic}
    uintx ReservedCodeCacheSize                    = 251658240                              {pd product} {ergonomic}
     bool SegmentedCodeCache                       = true                                      {product} {ergonomic}
   size_t SoftMaxHeapSize                          = 1073741824                             {manageable} {ergonomic}
     bool UseCompressedOops                        = true                           {product lp64_product} {ergonomic}
     bool UseLargePagesIndividualAllocation        = false                                  {pd product} {ergonomic}
     bool UseParallelGC                            = true                                      {product} {command line}

Logging:
Log output configuration:
 #0: stdout all=off uptime,level,tags foldmultilines=false
 #1: stderr all=off uptime,level,tags foldmultilines=false

Environment Variables:
PATH=C:\Program Files\Eclipse Adoptium\jdk-21.0.6.7-hotspot\bin;C:\oraclexe\app\oracle\product\11.2.0\server\bin;C:\Program Files (x86)\Common Files\Intel\Shared Libraries\redist\intel64\compiler;C:\Windows\system32;C:\Windows;C:\Windows\System32\Wbem;C:\Windows\System32\WindowsPowerShell\v1.0\;C:\Windows\System32\OpenSSH\;C:\Program Files\nodejs\;C:\Program Files\Git\cmd;C:\Program Files\Docker\Docker\resources\bin;C:\Program Files (x86)\CodeBlocks\MinGW\bin;C:\Users\aspire\AppData\Local\Programs\Python\Python313\Scripts;C:\9raya\compil\instalation\GnuWin32\bin;C:\Program Files\RedHat\java-11-openjdk-11.0.21-1\bin;C:\Users\aspire\.vscode\extensions\oracle.oracle-java-23.1.0\nbcode\java\maven\bin;C:\Program Files\MySQL\MySQL Shell 8.0\bin\;C:\Users\aspire\AppData\Local\Programs\Python\Launcher\;C:\Users\aspire\AppData\Local\Microsoft\WindowsApps;C:\Users\aspire\AppData\Roaming\npm;C:\apps\vscode\Microsoft VS Code\bin;C:\apps\cursor\resources\app\bin
USERNAME=aspire
OS=Windows_NT
PROCESSOR_IDENTIFIER=AMD64 Family 23 Model 104 Stepping 1, AuthenticAMD
TMP=C:\Users\aspire\AppData\Local\Temp
TEMP=C:\Users\aspire\AppData\Local\Temp




Periodic native trim disabled

---------------  S Y S T E M  ---------------

OS:
 Windows 11 , 64 bit Build 26100 (10.0.26100.3775)
OS uptime: 2 days 3:38 hours
Hyper-V role detected

CPU: total 16 (initial active 16) (16 cores per cpu, 2 threads per core) family 23 model 104 stepping 1 microcode 0x8608107, cx8, cmov, fxsr, ht, mmx, 3dnowpref, sse, sse2, sse3, ssse3, sse4a, sse4.1, sse4.2, popcnt, lzcnt, tsc, tscinvbit, avx, avx2, aes, clmul, bmi1, bmi2, adx, sha, fma, vzeroupper, clflush, clflushopt, hv, rdtscp, rdpid, f16c
Processor Information for the first 16 processors :
  Max Mhz: 1801, Current Mhz: 1801, Mhz Limit: 1801

Memory: 4k page, system-wide physical 15706M (304M free)
TotalPageFile size 64858M (AvailPageFile size 22M)
current process WorkingSet (physical memory assigned to process): 26M, peak: 26M
current process commit charge ("private bytes"): 175M, peak: 176M

vm_info: OpenJDK 64-Bit Server VM (21.0.6+7-LTS) for windows-amd64 JRE (21.0.6+7-LTS), built on 2025-01-21T00:00:00Z by "admin" with MS VC++ 17.7 (VS2022)

END.
